<?xml version="1.0" encoding="UTF-8"?>
<testng-results ignored="0" total="8" passed="8" failed="0" skipped="0">
  <reporter-output>
  </reporter-output>
  <suite started-at="2025-07-28T14:29:45Z" name="Surefire suite" finished-at="2025-07-28T14:30:11Z" duration-ms="26181">
    <groups>
      <group name="cucumber">
        <method signature="AbstractTestNGCucumberTests.runScenario(io.cucumber.testng.PickleWrapper, io.cucumber.testng.FeatureWrapper)[pri:0, instance:org.agile.qa.runners.RunnerTests@58134517]" name="runScenario" class="io.cucumber.testng.AbstractTestNGCucumberTests"/>
      </group> <!-- cucumber -->
    </groups>
    <test started-at="2025-07-28T14:29:45Z" name="Surefire test" finished-at="2025-07-28T14:30:11Z" duration-ms="26181">
      <class name="org.agile.qa.runners.RunnerTests">
        <test-method is-config="true" signature="setUpClass(org.testng.ITestContext)[pri:0, instance:org.agile.qa.runners.RunnerTests@58134517]" started-at="2025-07-28T19:59:45Z" name="setUpClass" finished-at="2025-07-28T19:59:45Z" duration-ms="180" status="PASS">
          <params>
            <param index="0">
              <value>
                <![CDATA[org.testng.TestRunner@5af40e45]]>
              </value>
            </param>
          </params>
          <reporter-output>
          </reporter-output>
        </test-method> <!-- setUpClass -->
        <test-method signature="runScenario(io.cucumber.testng.PickleWrapper, io.cucumber.testng.FeatureWrapper)[pri:0, instance:org.agile.qa.runners.RunnerTests@58134517]" started-at="2025-07-28T19:59:45Z" name="runScenario" description="Runs Cucumber Scenarios" data-provider="scenarios" finished-at="2025-07-28T19:59:52Z" duration-ms="7008" status="PASS">
          <params>
            <param index="0">
              <value>
                <![CDATA["Validate Date in Flight booking."]]>
              </value>
            </param>
            <param index="1">
              <value>
                <![CDATA["Flight Ticket Booking check."]]>
              </value>
            </param>
          </params>
          <reporter-output>
          </reporter-output>
        </test-method> <!-- runScenario -->
        <test-method signature="runScenario(io.cucumber.testng.PickleWrapper, io.cucumber.testng.FeatureWrapper)[pri:0, instance:org.agile.qa.runners.RunnerTests@58134517]" started-at="2025-07-28T19:59:52Z" name="runScenario" description="Runs Cucumber Scenarios" data-provider="scenarios" finished-at="2025-07-28T19:59:53Z" duration-ms="1150" status="PASS">
          <params>
            <param index="0">
              <value>
                <![CDATA["Validating calculation result while data is invalid."]]>
              </value>
            </param>
            <param index="1">
              <value>
                <![CDATA["Flight Ticket Booking check."]]>
              </value>
            </param>
          </params>
          <reporter-output>
          </reporter-output>
        </test-method> <!-- runScenario -->
        <test-method signature="runScenario(io.cucumber.testng.PickleWrapper, io.cucumber.testng.FeatureWrapper)[pri:0, instance:org.agile.qa.runners.RunnerTests@58134517]" started-at="2025-07-28T19:59:53Z" name="runScenario" description="Runs Cucumber Scenarios" data-provider="scenarios" finished-at="2025-07-28T19:59:53Z" duration-ms="489" status="PASS">
          <params>
            <param index="0">
              <value>
                <![CDATA["Validate log out button."]]>
              </value>
            </param>
            <param index="1">
              <value>
                <![CDATA["Flight Ticket Booking check."]]>
              </value>
            </param>
          </params>
          <reporter-output>
          </reporter-output>
        </test-method> <!-- runScenario -->
        <test-method signature="runScenario(io.cucumber.testng.PickleWrapper, io.cucumber.testng.FeatureWrapper)[pri:0, instance:org.agile.qa.runners.RunnerTests@58134517]" started-at="2025-07-28T19:59:53Z" name="runScenario" description="Runs Cucumber Scenarios" data-provider="scenarios" finished-at="2025-07-28T19:59:57Z" duration-ms="3343" status="PASS">
          <params>
            <param index="0">
              <value>
                <![CDATA["Book Now button validation"]]>
              </value>
            </param>
            <param index="1">
              <value>
                <![CDATA["Flight Ticket Booking check."]]>
              </value>
            </param>
          </params>
          <reporter-output>
          </reporter-output>
        </test-method> <!-- runScenario -->
        <test-method signature="runScenario(io.cucumber.testng.PickleWrapper, io.cucumber.testng.FeatureWrapper)[pri:0, instance:org.agile.qa.runners.RunnerTests@58134517]" started-at="2025-07-28T19:59:57Z" name="runScenario" description="Runs Cucumber Scenarios" data-provider="scenarios" finished-at="2025-07-28T20:00:00Z" duration-ms="2915" status="PASS">
          <params>
            <param index="0">
              <value>
                <![CDATA["Remember Me validation"]]>
              </value>
            </param>
            <param index="1">
              <value>
                <![CDATA["Login Funtionality check."]]>
              </value>
            </param>
          </params>
          <reporter-output>
          </reporter-output>
        </test-method> <!-- runScenario -->
        <test-method signature="runScenario(io.cucumber.testng.PickleWrapper, io.cucumber.testng.FeatureWrapper)[pri:0, instance:org.agile.qa.runners.RunnerTests@58134517]" started-at="2025-07-28T20:00:00Z" name="runScenario" description="Runs Cucumber Scenarios" data-provider="scenarios" finished-at="2025-07-28T20:00:00Z" duration-ms="374" status="PASS">
          <params>
            <param index="0">
              <value>
                <![CDATA["Captcha Validation"]]>
              </value>
            </param>
            <param index="1">
              <value>
                <![CDATA["Login Funtionality check."]]>
              </value>
            </param>
          </params>
          <reporter-output>
          </reporter-output>
        </test-method> <!-- runScenario -->
        <test-method signature="runScenario(io.cucumber.testng.PickleWrapper, io.cucumber.testng.FeatureWrapper)[pri:0, instance:org.agile.qa.runners.RunnerTests@58134517]" started-at="2025-07-28T20:00:00Z" name="runScenario" description="Runs Cucumber Scenarios" data-provider="scenarios" finished-at="2025-07-28T20:00:00Z" duration-ms="327" status="PASS">
          <params>
            <param index="0">
              <value>
                <![CDATA["Password Reset"]]>
              </value>
            </param>
            <param index="1">
              <value>
                <![CDATA["Login Funtionality check."]]>
              </value>
            </param>
          </params>
          <reporter-output>
          </reporter-output>
        </test-method> <!-- runScenario -->
        <test-method signature="runScenario(io.cucumber.testng.PickleWrapper, io.cucumber.testng.FeatureWrapper)[pri:0, instance:org.agile.qa.runners.RunnerTests@58134517]" started-at="2025-07-28T20:00:00Z" name="runScenario" description="Runs Cucumber Scenarios" data-provider="scenarios" finished-at="2025-07-28T20:00:11Z" duration-ms="10368" status="PASS">
          <params>
            <param index="0">
              <value>
                <![CDATA["Unauthenticated users should not access the booking page."]]>
              </value>
            </param>
            <param index="1">
              <value>
                <![CDATA["Login Funtionality check."]]>
              </value>
            </param>
          </params>
          <reporter-output>
          </reporter-output>
        </test-method> <!-- runScenario -->
        <test-method is-config="true" signature="tearDownClass()[pri:0, instance:org.agile.qa.runners.RunnerTests@58134517]" started-at="2025-07-28T20:00:11Z" name="tearDownClass" finished-at="2025-07-28T20:00:11Z" duration-ms="18" status="PASS">
          <reporter-output>
          </reporter-output>
        </test-method> <!-- tearDownClass -->
      </class> <!-- org.agile.qa.runners.RunnerTests -->
    </test> <!-- Surefire test -->
  </suite> <!-- Surefire suite -->
</testng-results>
