<?xml version="1.0" encoding="UTF-8"?>
<testsuite xmlns:xsi="http://www.w3.org/2001/XMLSchema-instance" xsi:noNamespaceSchemaLocation="https://maven.apache.org/surefire/maven-surefire-plugin/xsd/surefire-test-report-3.0.xsd" version="3.0" name="TestSuite" time="26.358" tests="8" errors="0" skipped="0" failures="0">
  <properties>
[...]
</properties>
  <testcase name="runScenario[&quot;Validate Date in Flight booking.&quot;, &quot;Flight Ticket Booking check.&quot;](1)" classname="org.agile.qa.runners.RunnerTests" time="7.008">
    <system-out><![CDATA[
Scenario: Validate Date in Flight booking.      &amp#27;[90m# src/test/java/org/agile/qa/features/booking.feature:9&amp#27;[0m
19:59:45 INFO  XmlUtils:43 - File read from src/test/java/org/agile/qa/resources/validLoginCreds.xml
19:59:45 INFO  XmlUtils:48 - XML Document Normalized.
19:59:50 INFO  BookingTest:43 - Navigated to login page: https://webapps.tekstac.com/FlightBooking/login.html
  &amp#27;[32mGiven &amp#27;[0m&amp#27;[32mthat I navigate to login page.&amp#27;[0m          &amp#27;[90m# org.agile.qa.stepDefinitions.BookingTest.that_i_navigate_to_login_page()&amp#27;[0m
19:59:51 INFO  BaseAuthPage:118 - Alert found and accepted after login click.
19:59:51 INFO  BookingTest:65 - Login performed with provided credentials.
  &amp#27;[32mAnd &amp#27;[0m&amp#27;[32msuccesfully login with valid credentials.&amp#27;[0m &amp#27;[90m# org.agile.qa.stepDefinitions.BookingTest.succesfully_login_with_valid_credentials(io.cucumber.datatable.DataTable)&amp#27;[0m
    | username    | password    |
    | flightadmin | flightadmin |
19:59:52 INFO  BookingTest:72 - Entered invalid departure date for validation.
  &amp#27;[32mThen &amp#27;[0m&amp#27;[32menter invalid date.&amp#27;[0m                      &amp#27;[90m# org.agile.qa.stepDefinitions.BookingTest.enter_invalid_date()&amp#27;[0m
19:59:52 WARN  BookingTest:50 - Element NOT found: By.id: departure-date-error
19:59:52 ERROR BookingTest:89 - Warning message element NOT found – raise bug!
  &amp#27;[32mAnd &amp#27;[0m&amp#27;[32mthe warning message must be diplayed.&amp#27;[0m     &amp#27;[90m# org.agile.qa.stepDefinitions.BookingTest.the_warning_message_must_be_diplayed()&amp#27;[0m
]]></system-out>
  </testcase>
  <testcase name="runScenario[&quot;Validating calculation result while data is invalid.&quot;, &quot;Flight Ticket Booking check.&quot;](2)" classname="org.agile.qa.runners.RunnerTests" time="1.147">
    <system-out><![CDATA[
Scenario: Validating calculation result while data is invalid. &amp#27;[90m# src/test/java/org/agile/qa/features/booking.feature:13&amp#27;[0m
19:59:52 INFO  XmlUtils:43 - File read from src/test/java/org/agile/qa/resources/validLoginCreds.xml
19:59:52 INFO  XmlUtils:48 - XML Document Normalized.
19:59:52 INFO  BookingTest:43 - Navigated to login page: https://webapps.tekstac.com/FlightBooking/login.html
  &amp#27;[32mGiven &amp#27;[0m&amp#27;[32mthat I navigate to login page.&amp#27;[0m                         &amp#27;[90m# org.agile.qa.stepDefinitions.BookingTest.that_i_navigate_to_login_page()&amp#27;[0m
19:59:52 INFO  BaseAuthPage:118 - Alert found and accepted after login click.
19:59:52 INFO  BookingTest:65 - Login performed with provided credentials.
  &amp#27;[32mAnd &amp#27;[0m&amp#27;[32msuccesfully login with valid credentials.&amp#27;[0m                &amp#27;[90m# org.agile.qa.stepDefinitions.BookingTest.succesfully_login_with_valid_credentials(io.cucumber.datatable.DataTable)&amp#27;[0m
    | username    | password    |
    | flightadmin | flightadmin |
19:59:53 INFO  BookingTest:100 - Entered invalid details for passenger fields.
  &amp#27;[32mThen &amp#27;[0m&amp#27;[32menter invalid details.&amp#27;[0m                                  &amp#27;[90m# org.agile.qa.stepDefinitions.BookingTest.enter_invalid_details()&amp#27;[0m
19:59:53 ERROR BookingTest:109 - Displayed total amount does not match expected: 
  &amp#27;[32mAnd &amp#27;[0m&amp#27;[32mexpect the total to display &amp#27;[0m&amp#27;[32m&amp#27;[1m'NaN'&amp#27;[0m                        &amp#27;[90m# org.agile.qa.stepDefinitions.BookingTest.expect_the_total_to_display(java.lang.String)&amp#27;[0m
]]></system-out>
  </testcase>
  <testcase name="runScenario[&quot;Validate log out button.&quot;, &quot;Flight Ticket Booking check.&quot;](3)" classname="org.agile.qa.runners.RunnerTests" time="0.489">
    <system-out><![CDATA[
Scenario: Validate log out button.                            &amp#27;[90m# src/test/java/org/agile/qa/features/booking.feature:17&amp#27;[0m
19:59:53 INFO  XmlUtils:43 - File read from src/test/java/org/agile/qa/resources/validLoginCreds.xml
19:59:53 INFO  XmlUtils:48 - XML Document Normalized.
19:59:53 INFO  BookingTest:43 - Navigated to login page: https://webapps.tekstac.com/FlightBooking/login.html
  &amp#27;[32mGiven &amp#27;[0m&amp#27;[32mthat I navigate to login page.&amp#27;[0m                        &amp#27;[90m# org.agile.qa.stepDefinitions.BookingTest.that_i_navigate_to_login_page()&amp#27;[0m
19:59:53 INFO  BaseAuthPage:118 - Alert found and accepted after login click.
19:59:53 INFO  BookingTest:65 - Login performed with provided credentials.
  &amp#27;[32mAnd &amp#27;[0m&amp#27;[32msuccesfully login with valid credentials.&amp#27;[0m               &amp#27;[90m# org.agile.qa.stepDefinitions.BookingTest.succesfully_login_with_valid_credentials(io.cucumber.datatable.DataTable)&amp#27;[0m
    | username    | password    |
    | flightadmin | flightadmin |
19:59:53 WARN  BookingTest:50 - Element NOT found: By.id: logout-btn
19:59:53 ERROR BookingTest:129 - Logout button NOT found – raise bug!
  &amp#27;[32mThen &amp#27;[0m&amp#27;[32mlocate log out button.&amp#27;[0m                                 &amp#27;[90m# org.agile.qa.stepDefinitions.BookingTest.locate_log_out_button()&amp#27;[0m
19:59:53 WARN  BookingTest:50 - Element NOT found: By.id: logout-btn
19:59:53 ERROR BookingTest:154 - Logout button NOT found, cannot perform logout – raise bug!
  &amp#27;[32mAnd &amp#27;[0m&amp#27;[32mclick on log out button and validate it got logged out.&amp#27;[0m &amp#27;[90m# org.agile.qa.stepDefinitions.BookingTest.click_on_log_out_button_and_validate_it_got_logged_out()&amp#27;[0m
]]></system-out>
  </testcase>
  <testcase name="runScenario[&quot;Book Now button validation&quot;, &quot;Flight Ticket Booking check.&quot;](4)" classname="org.agile.qa.runners.RunnerTests" time="3.342">
    <system-out><![CDATA[
Scenario: Book Now button validation            &amp#27;[90m# src/test/java/org/agile/qa/features/booking.feature:21&amp#27;[0m
19:59:53 INFO  XmlUtils:43 - File read from src/test/java/org/agile/qa/resources/validLoginCreds.xml
19:59:53 INFO  XmlUtils:48 - XML Document Normalized.
19:59:53 INFO  BookingTest:43 - Navigated to login page: https://webapps.tekstac.com/FlightBooking/login.html
  &amp#27;[32mGiven &amp#27;[0m&amp#27;[32mthat I navigate to login page.&amp#27;[0m          &amp#27;[90m# org.agile.qa.stepDefinitions.BookingTest.that_i_navigate_to_login_page()&amp#27;[0m
19:59:54 INFO  BaseAuthPage:118 - Alert found and accepted after login click.
19:59:54 INFO  BookingTest:65 - Login performed with provided credentials.
  &amp#27;[32mAnd &amp#27;[0m&amp#27;[32msuccesfully login with valid credentials.&amp#27;[0m &amp#27;[90m# org.agile.qa.stepDefinitions.BookingTest.succesfully_login_with_valid_credentials(io.cucumber.datatable.DataTable)&amp#27;[0m
    | username    | password    |
    | flightadmin | flightadmin |
19:59:54 INFO  BookingTest:166 - Booking data used: {travelfrom=Noida, travelto=Bengaluru, departuredate=23/12/26, class=Luxury Class, name=Raman, email=raman@ramayana.com, phone=9384028493, noofpassengers=6}
19:59:57 INFO  BookingTest:183 - All input fields set for Booking Form as per excel data.
  &amp#27;[32mThen &amp#27;[0m&amp#27;[32menter valid details.&amp#27;[0m                     &amp#27;[90m# org.agile.qa.stepDefinitions.BookingTest.enter_valid_details()&amp#27;[0m
19:59:57 INFO  BookingTest:196 - Clicked Book Now.
  &amp#27;[32mAnd &amp#27;[0m&amp#27;[32mClick the Book Now button.&amp#27;[0m                &amp#27;[90m# org.agile.qa.stepDefinitions.BookingTest.click_the_book_now_button()&amp#27;[0m
]]></system-out>
  </testcase>
  <testcase name="runScenario[&quot;Remember Me validation&quot;, &quot;Login Funtionality check.&quot;](5)" classname="org.agile.qa.runners.RunnerTests" time="2.915">
    <system-out><![CDATA[
@login
Scenario: Remember Me validation              &amp#27;[90m# src/test/java/org/agile/qa/features/login.feature:7&amp#27;[0m
19:59:57 INFO  LoginTest:43 - Driver initiated at LoginTest
19:59:57 INFO  LoginTest:48 - LoginPage initiated successfully
  &amp#27;[32mGiven &amp#27;[0m&amp#27;[32mnavigate to the application login URL&amp#27;[0m &amp#27;[90m# org.agile.qa.stepDefinitions.LoginTest.navigate_to_the_application_login_url()&amp#27;[0m
19:59:57 INFO  LoginTest:78 - Username sent: 
19:59:57 INFO  LoginTest:79 - Password sent: 
  &amp#27;[32mThen &amp#27;[0m&amp#27;[32mI enter empty data into form fields&amp#27;[0m    &amp#27;[90m# org.agile.qa.stepDefinitions.LoginTest.i_enter_empty_data_into_form_fields(io.cucumber.datatable.DataTable)&amp#27;[0m
    | username | password |
    | [empty]  | [empty]  |
19:59:57 INFO  LoginTest:87 - Set captcha code to empty strings
  &amp#27;[32mThen &amp#27;[0m&amp#27;[32mI leave the captcha field blank.&amp#27;[0m       &amp#27;[90m# org.agile.qa.stepDefinitions.LoginTest.i_leave_the_captcha_field_blank()&amp#27;[0m
19:59:57 INFO  LoginTest:93 - Remeber Me box clicked
  &amp#27;[32mThen &amp#27;[0m&amp#27;[32mI click on Remember Me checkbox.&amp#27;[0m       &amp#27;[90m# org.agile.qa.stepDefinitions.LoginTest.i_click_on_remember_me_checkbox()&amp#27;[0m
19:59:58 INFO  LoginTest:102 - Remember me Popup window, clicked accept
19:59:59 INFO  LoginTest:107 - One more alert present and accepted
  &amp#27;[32mThen &amp#27;[0m&amp#27;[32mI &amp#27;[0m&amp#27;[32m&amp#27;[1m"accept"&amp#27;[0m&amp#27;[32m the popup window&amp#27;[0m            &amp#27;[90m# org.agile.qa.stepDefinitions.LoginTest.i_the_popup_window(java.lang.String)&amp#27;[0m
20:00:00 ERROR LoginTest:131 - Remember Me Error was not present, Try creating appropriate error.
20:00:00 INFO  ScreenshotUtils:60 - Screenshot saved at: /home/windass/Documents/works/cognizant/case-study/sprint2/implementation/flightbooking/./screenshots/loginpage/no_rememberme_error_present_20250728_2000.png
  &amp#27;[32mAnd &amp#27;[0m&amp#27;[32mFinally Remember me error expected.&amp#27;[0m     &amp#27;[90m# org.agile.qa.stepDefinitions.LoginTest.finally_remember_me_error_expected()&amp#27;[0m
]]></system-out>
  </testcase>
  <testcase name="runScenario[&quot;Captcha Validation&quot;, &quot;Login Funtionality check.&quot;](6)" classname="org.agile.qa.runners.RunnerTests" time="0.373">
    <system-out><![CDATA[
@login
Scenario: Captcha Validation                    &amp#27;[90m# src/test/java/org/agile/qa/features/login.feature:16&amp#27;[0m
20:00:00 INFO  LoginTest:43 - Driver initiated at LoginTest
20:00:00 INFO  LoginTest:48 - LoginPage initiated successfully
  &amp#27;[32mGiven &amp#27;[0m&amp#27;[32mnavigate to the application login URL&amp#27;[0m   &amp#27;[90m# org.agile.qa.stepDefinitions.LoginTest.navigate_to_the_application_login_url()&amp#27;[0m
20:00:00 INFO  XmlUtils:43 - File read from src/test/java/org/agile/qa/resources/validLoginCreds.xml
20:00:00 INFO  XmlUtils:48 - XML Document Normalized.
  &amp#27;[32mThen &amp#27;[0m&amp#27;[32mI enter valid data into form fields.&amp#27;[0m     &amp#27;[90m# org.agile.qa.stepDefinitions.LoginTest.i_enter_valid_data_into_form_fields()&amp#27;[0m
  &amp#27;[32mThen &amp#27;[0m&amp#27;[32mI try copying the captcha field.&amp#27;[0m         &amp#27;[90m# org.agile.qa.stepDefinitions.LoginTest.i_try_copying_the_captcha_field()&amp#27;[0m
20:00:00 INFO  ScreenshotUtils:125 - Contextual screenshot saved at: /home/windass/Documents/works/cognizant/case-study/sprint2/implementation/flightbooking/./screenshots/loginpage/captcha_field_copiable_20250728_2000.png
  &amp#27;[32mAnd &amp#27;[0m&amp#27;[32mthe captcha field should not get copyied.&amp#27;[0m &amp#27;[90m# org.agile.qa.stepDefinitions.LoginTest.the_captcha_field_should_not_get_copyied()&amp#27;[0m
]]></system-out>
  </testcase>
  <testcase name="runScenario[&quot;Password Reset&quot;, &quot;Login Funtionality check.&quot;](7)" classname="org.agile.qa.runners.RunnerTests" time="0.328">
    <system-out><![CDATA[
@login
Scenario: Password Reset                       &amp#27;[90m# src/test/java/org/agile/qa/features/login.feature:21&amp#27;[0m
20:00:00 INFO  LoginTest:43 - Driver initiated at LoginTest
20:00:00 INFO  LoginTest:48 - LoginPage initiated successfully
  &amp#27;[32mGiven &amp#27;[0m&amp#27;[32mnavigate to the application login URL&amp#27;[0m  &amp#27;[90m# org.agile.qa.stepDefinitions.LoginTest.navigate_to_the_application_login_url()&amp#27;[0m
  &amp#27;[32mThen &amp#27;[0m&amp#27;[32mI click on the password reset form.&amp#27;[0m     &amp#27;[90m# org.agile.qa.stepDefinitions.LoginTest.i_click_on_the_password_reset_form()&amp#27;[0m
20:00:00 INFO  ScreenshotUtils:60 - Screenshot saved at: /home/windass/Documents/works/cognizant/case-study/sprint2/implementation/flightbooking/./screenshots/loginpage/password_reset_form_not_working_20250728_2000.png
20:00:00 ERROR LoginTest:177 - Password Reset Form is not present
  &amp#27;[32mAnd &amp#27;[0m&amp#27;[32mI get to see the password reset form.&amp#27;[0m    &amp#27;[90m# org.agile.qa.stepDefinitions.LoginTest.i_get_to_see_the_password_reset_form()&amp#27;[0m
  &amp#27;[32mThen &amp#27;[0m&amp#27;[32menter the email id.&amp#27;[0m                     &amp#27;[90m# org.agile.qa.stepDefinitions.LoginTest.enter_the_email_id()&amp#27;[0m
  &amp#27;[32mThen &amp#27;[0m&amp#27;[32menter the &amp#27;[0m&amp#27;[32m&amp#27;[1m'OTP'&amp#27;[0m&amp#27;[32m received for that mail.&amp#27;[0m &amp#27;[90m# org.agile.qa.stepDefinitions.LoginTest.enter_the_received_for_that_mail(java.lang.String)&amp#27;[0m
  &amp#27;[32mAnd &amp#27;[0m&amp#27;[32mfinally set new password and submit.&amp#27;[0m     &amp#27;[90m# org.agile.qa.stepDefinitions.LoginTest.finally_set_new_password_and_submit()&amp#27;[0m
]]></system-out>
  </testcase>
  <testcase name="runScenario[&quot;Unauthenticated users should not access the booking page.&quot;, &quot;Login Funtionality check.&quot;](8)" classname="org.agile.qa.runners.RunnerTests" time="10.367">
    <system-out><![CDATA[
@login
Scenario: Unauthenticated users should not access the booking page. &amp#27;[90m# src/test/java/org/agile/qa/features/login.feature:28&amp#27;[0m
20:00:00 INFO  LoginTest:43 - Driver initiated at LoginTest
20:00:00 INFO  LoginTest:48 - LoginPage initiated successfully
  &amp#27;[32mGiven &amp#27;[0m&amp#27;[32mnavigate to the application login URL&amp#27;[0m                       &amp#27;[90m# org.agile.qa.stepDefinitions.LoginTest.navigate_to_the_application_login_url()&amp#27;[0m
  &amp#27;[32mWhen &amp#27;[0m&amp#27;[32mdirectly access the booking page URL&amp#27;[0m                         &amp#27;[90m# org.agile.qa.stepDefinitions.LoginTest.directly_access_the_booking_page_url()&amp#27;[0m
20:00:06 WARN  LoginTest:212 - TODO: Handle timeout scenario for login page detection.
  &amp#27;[32mThen &amp#27;[0m&amp#27;[32mthe user should be redirected to the login page&amp#27;[0m              &amp#27;[90m# org.agile.qa.stepDefinitions.LoginTest.the_user_should_be_redirected_to_the_login_page()&amp#27;[0m
20:00:11 ERROR LoginTest:226 - No access-denied error displayed; further checks needed.
20:00:11 INFO  ScreenshotUtils:60 - Screenshot saved at: /home/windass/Documents/works/cognizant/case-study/sprint2/implementation/flightbooking/./screenshots/loginpage/No_access_denied_error_displayed_20250728_2000.png
20:00:11 WARN  LoginTest:232 - TODO: Proper verification for booking page access denial not yet implemented.
  &amp#27;[32mAnd &amp#27;[0m&amp#27;[32mthe booking page should not be accessible&amp#27;[0m                     &amp#27;[90m# org.agile.qa.stepDefinitions.LoginTest.the_booking_page_should_not_be_accessible()&amp#27;[0m
]]></system-out>
  </testcase>
</testsuite>