-------------------------------------------------------------------------------
Test set: TestSuite
-------------------------------------------------------------------------------
Tests run: 5, Failures: 5, Errors: 0, Skipped: 0, Time elapsed: 2.235 s <<< FAILURE! -- in TestSuite
org.agile.qa.runners.RunnerTests.runScenario["Remember Me validation", "Login Funtionality check."](1) -- Time elapsed: 1.086 s <<< FAILURE!
org.openqa.selenium.remote.NoSuchDriverException: 
geckodriver located at /usr/bin/geckodriver, but invalid
For documentation on this error, please visit: https://www.selenium.dev/documentation/webdriver/troubleshooting/errors/driver_location/
Build info: version: '4.11.0', revision: '040bc5406b'
System info: os.name: 'Windows 11', os.arch: 'amd64', os.version: '10.0', java.version: '21.0.6'
Driver info: driver.version: FirefoxDriver
	at org.openqa.selenium.remote.service.DriverFinder.getPath(DriverFinder.java:45)
	at org.openqa.selenium.remote.service.DriverFinder.getPath(DriverFinder.java:13)
	at org.openqa.selenium.firefox.FirefoxDriver.generateExecutor(FirefoxDriver.java:141)
	at org.openqa.selenium.firefox.FirefoxDriver.<init>(FirefoxDriver.java:132)
	at org.openqa.selenium.firefox.FirefoxDriver.<init>(FirefoxDriver.java:127)
	at org.openqa.selenium.firefox.FirefoxDriver.<init>(FirefoxDriver.java:112)
	at org.openqa.selenium.firefox.FirefoxDriver.<init>(FirefoxDriver.java:102)
	at org.agile.qa.setup.DriverSetup.getDriver(DriverSetup.java:13)
	at org.agile.qa.stepDefinitions.LoginTest.navigate_to_the_application_login_url(LoginTest.java:42)
	at ✽.navigate to the application login URL(file:///E:/flightBooking/FlightBooking-G1/src/test/java/org/agile/qa/features/login.feature:5)

org.agile.qa.runners.RunnerTests.runScenario["Captcha Validation", "Login Funtionality check."](2) -- Time elapsed: 0.021 s <<< FAILURE!
org.openqa.selenium.remote.NoSuchDriverException: 
geckodriver located at /usr/bin/geckodriver, but invalid
For documentation on this error, please visit: https://www.selenium.dev/documentation/webdriver/troubleshooting/errors/driver_location/
Build info: version: '4.11.0', revision: '040bc5406b'
System info: os.name: 'Windows 11', os.arch: 'amd64', os.version: '10.0', java.version: '21.0.6'
Driver info: driver.version: FirefoxDriver
	at org.openqa.selenium.remote.service.DriverFinder.getPath(DriverFinder.java:45)
	at org.openqa.selenium.remote.service.DriverFinder.getPath(DriverFinder.java:13)
	at org.openqa.selenium.firefox.FirefoxDriver.generateExecutor(FirefoxDriver.java:141)
	at org.openqa.selenium.firefox.FirefoxDriver.<init>(FirefoxDriver.java:132)
	at org.openqa.selenium.firefox.FirefoxDriver.<init>(FirefoxDriver.java:127)
	at org.openqa.selenium.firefox.FirefoxDriver.<init>(FirefoxDriver.java:112)
	at org.openqa.selenium.firefox.FirefoxDriver.<init>(FirefoxDriver.java:102)
	at org.agile.qa.setup.DriverSetup.getDriver(DriverSetup.java:13)
	at org.agile.qa.stepDefinitions.LoginTest.navigate_to_the_application_login_url(LoginTest.java:42)
	at ✽.navigate to the application login URL(file:///E:/flightBooking/FlightBooking-G1/src/test/java/org/agile/qa/features/login.feature:5)

org.agile.qa.runners.RunnerTests.runScenario["Password Reset", "Login Funtionality check."](3) -- Time elapsed: 0.036 s <<< FAILURE!
org.openqa.selenium.remote.NoSuchDriverException: 
geckodriver located at /usr/bin/geckodriver, but invalid
For documentation on this error, please visit: https://www.selenium.dev/documentation/webdriver/troubleshooting/errors/driver_location/
Build info: version: '4.11.0', revision: '040bc5406b'
System info: os.name: 'Windows 11', os.arch: 'amd64', os.version: '10.0', java.version: '21.0.6'
Driver info: driver.version: FirefoxDriver
	at org.openqa.selenium.remote.service.DriverFinder.getPath(DriverFinder.java:45)
	at org.openqa.selenium.remote.service.DriverFinder.getPath(DriverFinder.java:13)
	at org.openqa.selenium.firefox.FirefoxDriver.generateExecutor(FirefoxDriver.java:141)
	at org.openqa.selenium.firefox.FirefoxDriver.<init>(FirefoxDriver.java:132)
	at org.openqa.selenium.firefox.FirefoxDriver.<init>(FirefoxDriver.java:127)
	at org.openqa.selenium.firefox.FirefoxDriver.<init>(FirefoxDriver.java:112)
	at org.openqa.selenium.firefox.FirefoxDriver.<init>(FirefoxDriver.java:102)
	at org.agile.qa.setup.DriverSetup.getDriver(DriverSetup.java:13)
	at org.agile.qa.stepDefinitions.LoginTest.navigate_to_the_application_login_url(LoginTest.java:42)
	at ✽.navigate to the application login URL(file:///E:/flightBooking/FlightBooking-G1/src/test/java/org/agile/qa/features/login.feature:5)

org.agile.qa.runners.RunnerTests.runScenario["Unauthenticated users should not access the booking page.", "Login Funtionality check."](4) -- Time elapsed: 0.006 s <<< FAILURE!
org.openqa.selenium.remote.NoSuchDriverException: 
geckodriver located at /usr/bin/geckodriver, but invalid
For documentation on this error, please visit: https://www.selenium.dev/documentation/webdriver/troubleshooting/errors/driver_location/
Build info: version: '4.11.0', revision: '040bc5406b'
System info: os.name: 'Windows 11', os.arch: 'amd64', os.version: '10.0', java.version: '21.0.6'
Driver info: driver.version: FirefoxDriver
	at org.openqa.selenium.remote.service.DriverFinder.getPath(DriverFinder.java:45)
	at org.openqa.selenium.remote.service.DriverFinder.getPath(DriverFinder.java:13)
	at org.openqa.selenium.firefox.FirefoxDriver.generateExecutor(FirefoxDriver.java:141)
	at org.openqa.selenium.firefox.FirefoxDriver.<init>(FirefoxDriver.java:132)
	at org.openqa.selenium.firefox.FirefoxDriver.<init>(FirefoxDriver.java:127)
	at org.openqa.selenium.firefox.FirefoxDriver.<init>(FirefoxDriver.java:112)
	at org.openqa.selenium.firefox.FirefoxDriver.<init>(FirefoxDriver.java:102)
	at org.agile.qa.setup.DriverSetup.getDriver(DriverSetup.java:13)
	at org.agile.qa.stepDefinitions.LoginTest.navigate_to_the_application_login_url(LoginTest.java:42)
	at ✽.navigate to the application login URL(file:///E:/flightBooking/FlightBooking-G1/src/test/java/org/agile/qa/features/login.feature:5)

org.agile.qa.runners.RunnerTests.runScenario["Login with invalid password", "Login Funtionality check."](5) -- Time elapsed: 0.076 s <<< FAILURE!
org.openqa.selenium.remote.NoSuchDriverException: 
geckodriver located at /usr/bin/geckodriver, but invalid
For documentation on this error, please visit: https://www.selenium.dev/documentation/webdriver/troubleshooting/errors/driver_location/
Build info: version: '4.11.0', revision: '040bc5406b'
System info: os.name: 'Windows 11', os.arch: 'amd64', os.version: '10.0', java.version: '21.0.6'
Driver info: driver.version: FirefoxDriver
	at org.openqa.selenium.remote.service.DriverFinder.getPath(DriverFinder.java:45)
	at org.openqa.selenium.remote.service.DriverFinder.getPath(DriverFinder.java:13)
	at org.openqa.selenium.firefox.FirefoxDriver.generateExecutor(FirefoxDriver.java:141)
	at org.openqa.selenium.firefox.FirefoxDriver.<init>(FirefoxDriver.java:132)
	at org.openqa.selenium.firefox.FirefoxDriver.<init>(FirefoxDriver.java:127)
	at org.openqa.selenium.firefox.FirefoxDriver.<init>(FirefoxDriver.java:112)
	at org.openqa.selenium.firefox.FirefoxDriver.<init>(FirefoxDriver.java:102)
	at org.agile.qa.setup.DriverSetup.getDriver(DriverSetup.java:13)
	at org.agile.qa.stepDefinitions.LoginTest.navigate_to_the_application_login_url(LoginTest.java:42)
	at ✽.navigate to the application login URL(file:///E:/flightBooking/FlightBooking-G1/src/test/java/org/agile/qa/features/login.feature:5)

