<?xml version="1.0" encoding="UTF-8"?>
<testsuite xmlns:xsi="http://www.w3.org/2001/XMLSchema-instance" xsi:noNamespaceSchemaLocation="https://maven.apache.org/surefire/maven-surefire-plugin/xsd/surefire-test-report-3.0.xsd" version="3.0" name="TestSuite" time="2.235" tests="5" errors="0" skipped="0" failures="5">
  <properties>
[...]
</properties>
  <testcase name="runScenario[&quot;Remember Me validation&quot;, &quot;Login Funtionality check.&quot;](1)" classname="org.agile.qa.runners.RunnerTests" time="1.086">
    <failure message="geckodriver located at /usr/bin/geckodriver, but invalid&#10;For documentation on this error, please visit: https://www.selenium.dev/documentation/webdriver/troubleshooting/errors/driver_location/&#10;Build info: version: &apos;4.11.0&apos;, revision: &apos;040bc5406b&apos;&#10;System info: os.name: &apos;Windows 11&apos;, os.arch: &apos;amd64&apos;, os.version: &apos;10.0&apos;, java.version: &apos;21.0.6&apos;&#10;Driver info: driver.version: FirefoxDriver" type="org.openqa.selenium.remote.NoSuchDriverException"><![CDATA[org.openqa.selenium.remote.NoSuchDriverException: 
geckodriver located at /usr/bin/geckodriver, but invalid
For documentation on this error, please visit: https://www.selenium.dev/documentation/webdriver/troubleshooting/errors/driver_location/
Build info: version: '4.11.0', revision: '040bc5406b'
System info: os.name: 'Windows 11', os.arch: 'amd64', os.version: '10.0', java.version: '21.0.6'
Driver info: driver.version: FirefoxDriver
	at org.openqa.selenium.remote.service.DriverFinder.getPath(DriverFinder.java:45)
	at org.openqa.selenium.remote.service.DriverFinder.getPath(DriverFinder.java:13)
	at org.openqa.selenium.firefox.FirefoxDriver.generateExecutor(FirefoxDriver.java:141)
	at org.openqa.selenium.firefox.FirefoxDriver.<init>(FirefoxDriver.java:132)
	at org.openqa.selenium.firefox.FirefoxDriver.<init>(FirefoxDriver.java:127)
	at org.openqa.selenium.firefox.FirefoxDriver.<init>(FirefoxDriver.java:112)
	at org.openqa.selenium.firefox.FirefoxDriver.<init>(FirefoxDriver.java:102)
	at org.agile.qa.setup.DriverSetup.getDriver(DriverSetup.java:13)
	at org.agile.qa.stepDefinitions.LoginTest.navigate_to_the_application_login_url(LoginTest.java:42)
	at ✽.navigate to the application login URL(file:///E:/flightBooking/FlightBooking-G1/src/test/java/org/agile/qa/features/login.feature:5)
]]></failure>
    <system-out><![CDATA[
@login
Scenario: Remember Me validation              &amp#27;[90m# src/test/java/org/agile/qa/features/login.feature:7&amp#27;[0m
  &amp#27;[31mGiven &amp#27;[0m&amp#27;[31mnavigate to the application login URL&amp#27;[0m &amp#27;[90m# org.agile.qa.stepDefinitions.LoginTest.navigate_to_the_application_login_url()&amp#27;[0m
      &amp#27;[31morg.openqa.selenium.remote.NoSuchDriverException: geckodriver located at /usr/bin/geckodriver, but invalid
For documentation on this error, please visit: https://www.selenium.dev/documentation/webdriver/troubleshooting/errors/driver_location/
Build info: version: '4.11.0', revision: '040bc5406b'
System info: os.name: 'Windows 11', os.arch: 'amd64', os.version: '10.0', java.version: '21.0.6'
Driver info: driver.version: FirefoxDriver
	at org.openqa.selenium.remote.service.DriverFinder.getPath(DriverFinder.java:45)
	at org.openqa.selenium.remote.service.DriverFinder.getPath(DriverFinder.java:13)
	at org.openqa.selenium.firefox.FirefoxDriver.generateExecutor(FirefoxDriver.java:141)
	at org.openqa.selenium.firefox.FirefoxDriver.<init>(FirefoxDriver.java:132)
	at org.openqa.selenium.firefox.FirefoxDriver.<init>(FirefoxDriver.java:127)
	at org.openqa.selenium.firefox.FirefoxDriver.<init>(FirefoxDriver.java:112)
	at org.openqa.selenium.firefox.FirefoxDriver.<init>(FirefoxDriver.java:102)
	at org.agile.qa.setup.DriverSetup.getDriver(DriverSetup.java:13)
	at org.agile.qa.stepDefinitions.LoginTest.navigate_to_the_application_login_url(LoginTest.java:42)
	at ✽.navigate to the application login URL(file:///E:/flightBooking/FlightBooking-G1/src/test/java/org/agile/qa/features/login.feature:5)
&amp#27;[0m
  &amp#27;[36mThen &amp#27;[0m&amp#27;[36mI enter empty data into form fields&amp#27;[0m    &amp#27;[90m# org.agile.qa.stepDefinitions.LoginTest.i_enter_empty_data_into_form_fields(io.cucumber.datatable.DataTable)&amp#27;[0m
    | username | password |
    | [empty]  | [empty]  |
  &amp#27;[36mThen &amp#27;[0m&amp#27;[36mI leave the captcha field blank.&amp#27;[0m       &amp#27;[90m# org.agile.qa.stepDefinitions.LoginTest.i_leave_the_captcha_field_blank()&amp#27;[0m
  &amp#27;[36mThen &amp#27;[0m&amp#27;[36mI click on Remember Me checkbox.&amp#27;[0m       &amp#27;[90m# org.agile.qa.stepDefinitions.LoginTest.i_click_on_remember_me_checkbox()&amp#27;[0m
  &amp#27;[36mThen &amp#27;[0m&amp#27;[36mI &amp#27;[0m&amp#27;[36m&amp#27;[1m"accept"&amp#27;[0m&amp#27;[36m the popup window&amp#27;[0m            &amp#27;[90m# org.agile.qa.stepDefinitions.LoginTest.i_the_popup_window(java.lang.String)&amp#27;[0m
  &amp#27;[36mAnd &amp#27;[0m&amp#27;[36mFinally Remember me error expected.&amp#27;[0m     &amp#27;[90m# org.agile.qa.stepDefinitions.LoginTest.finally_remember_me_error_expected()&amp#27;[0m
]]></system-out>
  </testcase>
  <testcase name="runScenario[&quot;Captcha Validation&quot;, &quot;Login Funtionality check.&quot;](2)" classname="org.agile.qa.runners.RunnerTests" time="0.021">
    <failure message="geckodriver located at /usr/bin/geckodriver, but invalid&#10;For documentation on this error, please visit: https://www.selenium.dev/documentation/webdriver/troubleshooting/errors/driver_location/&#10;Build info: version: &apos;4.11.0&apos;, revision: &apos;040bc5406b&apos;&#10;System info: os.name: &apos;Windows 11&apos;, os.arch: &apos;amd64&apos;, os.version: &apos;10.0&apos;, java.version: &apos;21.0.6&apos;&#10;Driver info: driver.version: FirefoxDriver" type="org.openqa.selenium.remote.NoSuchDriverException"><![CDATA[org.openqa.selenium.remote.NoSuchDriverException: 
geckodriver located at /usr/bin/geckodriver, but invalid
For documentation on this error, please visit: https://www.selenium.dev/documentation/webdriver/troubleshooting/errors/driver_location/
Build info: version: '4.11.0', revision: '040bc5406b'
System info: os.name: 'Windows 11', os.arch: 'amd64', os.version: '10.0', java.version: '21.0.6'
Driver info: driver.version: FirefoxDriver
	at org.openqa.selenium.remote.service.DriverFinder.getPath(DriverFinder.java:45)
	at org.openqa.selenium.remote.service.DriverFinder.getPath(DriverFinder.java:13)
	at org.openqa.selenium.firefox.FirefoxDriver.generateExecutor(FirefoxDriver.java:141)
	at org.openqa.selenium.firefox.FirefoxDriver.<init>(FirefoxDriver.java:132)
	at org.openqa.selenium.firefox.FirefoxDriver.<init>(FirefoxDriver.java:127)
	at org.openqa.selenium.firefox.FirefoxDriver.<init>(FirefoxDriver.java:112)
	at org.openqa.selenium.firefox.FirefoxDriver.<init>(FirefoxDriver.java:102)
	at org.agile.qa.setup.DriverSetup.getDriver(DriverSetup.java:13)
	at org.agile.qa.stepDefinitions.LoginTest.navigate_to_the_application_login_url(LoginTest.java:42)
	at ✽.navigate to the application login URL(file:///E:/flightBooking/FlightBooking-G1/src/test/java/org/agile/qa/features/login.feature:5)
]]></failure>
    <system-out><![CDATA[
@login
Scenario: Captcha Validation                    &amp#27;[90m# src/test/java/org/agile/qa/features/login.feature:16&amp#27;[0m
  &amp#27;[31mGiven &amp#27;[0m&amp#27;[31mnavigate to the application login URL&amp#27;[0m   &amp#27;[90m# org.agile.qa.stepDefinitions.LoginTest.navigate_to_the_application_login_url()&amp#27;[0m
      &amp#27;[31morg.openqa.selenium.remote.NoSuchDriverException: geckodriver located at /usr/bin/geckodriver, but invalid
For documentation on this error, please visit: https://www.selenium.dev/documentation/webdriver/troubleshooting/errors/driver_location/
Build info: version: '4.11.0', revision: '040bc5406b'
System info: os.name: 'Windows 11', os.arch: 'amd64', os.version: '10.0', java.version: '21.0.6'
Driver info: driver.version: FirefoxDriver
	at org.openqa.selenium.remote.service.DriverFinder.getPath(DriverFinder.java:45)
	at org.openqa.selenium.remote.service.DriverFinder.getPath(DriverFinder.java:13)
	at org.openqa.selenium.firefox.FirefoxDriver.generateExecutor(FirefoxDriver.java:141)
	at org.openqa.selenium.firefox.FirefoxDriver.<init>(FirefoxDriver.java:132)
	at org.openqa.selenium.firefox.FirefoxDriver.<init>(FirefoxDriver.java:127)
	at org.openqa.selenium.firefox.FirefoxDriver.<init>(FirefoxDriver.java:112)
	at org.openqa.selenium.firefox.FirefoxDriver.<init>(FirefoxDriver.java:102)
	at org.agile.qa.setup.DriverSetup.getDriver(DriverSetup.java:13)
	at org.agile.qa.stepDefinitions.LoginTest.navigate_to_the_application_login_url(LoginTest.java:42)
	at ✽.navigate to the application login URL(file:///E:/flightBooking/FlightBooking-G1/src/test/java/org/agile/qa/features/login.feature:5)
&amp#27;[0m
  &amp#27;[36mThen &amp#27;[0m&amp#27;[36mI enter valid data into form fields.&amp#27;[0m     &amp#27;[90m# org.agile.qa.stepDefinitions.LoginTest.i_enter_valid_data_into_form_fields()&amp#27;[0m
  &amp#27;[36mThen &amp#27;[0m&amp#27;[36mI try copying the captcha field.&amp#27;[0m         &amp#27;[90m# org.agile.qa.stepDefinitions.LoginTest.i_try_copying_the_captcha_field()&amp#27;[0m
  &amp#27;[36mAnd &amp#27;[0m&amp#27;[36mthe captcha field should not get copyied.&amp#27;[0m &amp#27;[90m# org.agile.qa.stepDefinitions.LoginTest.the_captcha_field_should_not_get_copyied()&amp#27;[0m
]]></system-out>
  </testcase>
  <testcase name="runScenario[&quot;Password Reset&quot;, &quot;Login Funtionality check.&quot;](3)" classname="org.agile.qa.runners.RunnerTests" time="0.036">
    <failure message="geckodriver located at /usr/bin/geckodriver, but invalid&#10;For documentation on this error, please visit: https://www.selenium.dev/documentation/webdriver/troubleshooting/errors/driver_location/&#10;Build info: version: &apos;4.11.0&apos;, revision: &apos;040bc5406b&apos;&#10;System info: os.name: &apos;Windows 11&apos;, os.arch: &apos;amd64&apos;, os.version: &apos;10.0&apos;, java.version: &apos;21.0.6&apos;&#10;Driver info: driver.version: FirefoxDriver" type="org.openqa.selenium.remote.NoSuchDriverException"><![CDATA[org.openqa.selenium.remote.NoSuchDriverException: 
geckodriver located at /usr/bin/geckodriver, but invalid
For documentation on this error, please visit: https://www.selenium.dev/documentation/webdriver/troubleshooting/errors/driver_location/
Build info: version: '4.11.0', revision: '040bc5406b'
System info: os.name: 'Windows 11', os.arch: 'amd64', os.version: '10.0', java.version: '21.0.6'
Driver info: driver.version: FirefoxDriver
	at org.openqa.selenium.remote.service.DriverFinder.getPath(DriverFinder.java:45)
	at org.openqa.selenium.remote.service.DriverFinder.getPath(DriverFinder.java:13)
	at org.openqa.selenium.firefox.FirefoxDriver.generateExecutor(FirefoxDriver.java:141)
	at org.openqa.selenium.firefox.FirefoxDriver.<init>(FirefoxDriver.java:132)
	at org.openqa.selenium.firefox.FirefoxDriver.<init>(FirefoxDriver.java:127)
	at org.openqa.selenium.firefox.FirefoxDriver.<init>(FirefoxDriver.java:112)
	at org.openqa.selenium.firefox.FirefoxDriver.<init>(FirefoxDriver.java:102)
	at org.agile.qa.setup.DriverSetup.getDriver(DriverSetup.java:13)
	at org.agile.qa.stepDefinitions.LoginTest.navigate_to_the_application_login_url(LoginTest.java:42)
	at ✽.navigate to the application login URL(file:///E:/flightBooking/FlightBooking-G1/src/test/java/org/agile/qa/features/login.feature:5)
]]></failure>
    <system-out><![CDATA[
@login
Scenario: Password Reset                       &amp#27;[90m# src/test/java/org/agile/qa/features/login.feature:21&amp#27;[0m
  &amp#27;[31mGiven &amp#27;[0m&amp#27;[31mnavigate to the application login URL&amp#27;[0m  &amp#27;[90m# org.agile.qa.stepDefinitions.LoginTest.navigate_to_the_application_login_url()&amp#27;[0m
      &amp#27;[31morg.openqa.selenium.remote.NoSuchDriverException: geckodriver located at /usr/bin/geckodriver, but invalid
For documentation on this error, please visit: https://www.selenium.dev/documentation/webdriver/troubleshooting/errors/driver_location/
Build info: version: '4.11.0', revision: '040bc5406b'
System info: os.name: 'Windows 11', os.arch: 'amd64', os.version: '10.0', java.version: '21.0.6'
Driver info: driver.version: FirefoxDriver
	at org.openqa.selenium.remote.service.DriverFinder.getPath(DriverFinder.java:45)
	at org.openqa.selenium.remote.service.DriverFinder.getPath(DriverFinder.java:13)
	at org.openqa.selenium.firefox.FirefoxDriver.generateExecutor(FirefoxDriver.java:141)
	at org.openqa.selenium.firefox.FirefoxDriver.<init>(FirefoxDriver.java:132)
	at org.openqa.selenium.firefox.FirefoxDriver.<init>(FirefoxDriver.java:127)
	at org.openqa.selenium.firefox.FirefoxDriver.<init>(FirefoxDriver.java:112)
	at org.openqa.selenium.firefox.FirefoxDriver.<init>(FirefoxDriver.java:102)
	at org.agile.qa.setup.DriverSetup.getDriver(DriverSetup.java:13)
	at org.agile.qa.stepDefinitions.LoginTest.navigate_to_the_application_login_url(LoginTest.java:42)
	at ✽.navigate to the application login URL(file:///E:/flightBooking/FlightBooking-G1/src/test/java/org/agile/qa/features/login.feature:5)
&amp#27;[0m
  &amp#27;[36mThen &amp#27;[0m&amp#27;[36mI click on the password reset form.&amp#27;[0m     &amp#27;[90m# org.agile.qa.stepDefinitions.LoginTest.i_click_on_the_password_reset_form()&amp#27;[0m
  &amp#27;[36mAnd &amp#27;[0m&amp#27;[36mI get to see the password reset form.&amp#27;[0m    &amp#27;[90m# org.agile.qa.stepDefinitions.LoginTest.i_get_to_see_the_password_reset_form()&amp#27;[0m
  &amp#27;[36mThen &amp#27;[0m&amp#27;[36menter the email id.&amp#27;[0m                     &amp#27;[90m# org.agile.qa.stepDefinitions.LoginTest.enter_the_email_id()&amp#27;[0m
  &amp#27;[36mThen &amp#27;[0m&amp#27;[36menter the &amp#27;[0m&amp#27;[36m&amp#27;[1m'OTP'&amp#27;[0m&amp#27;[36m received for that mail.&amp#27;[0m &amp#27;[90m# org.agile.qa.stepDefinitions.LoginTest.enter_the_received_for_that_mail(java.lang.String)&amp#27;[0m
  &amp#27;[36mAnd &amp#27;[0m&amp#27;[36mfinally set new password and submit.&amp#27;[0m     &amp#27;[90m# org.agile.qa.stepDefinitions.LoginTest.finally_set_new_password_and_submit()&amp#27;[0m
]]></system-out>
  </testcase>
  <testcase name="runScenario[&quot;Unauthenticated users should not access the booking page.&quot;, &quot;Login Funtionality check.&quot;](4)" classname="org.agile.qa.runners.RunnerTests" time="0.006">
    <failure message="geckodriver located at /usr/bin/geckodriver, but invalid&#10;For documentation on this error, please visit: https://www.selenium.dev/documentation/webdriver/troubleshooting/errors/driver_location/&#10;Build info: version: &apos;4.11.0&apos;, revision: &apos;040bc5406b&apos;&#10;System info: os.name: &apos;Windows 11&apos;, os.arch: &apos;amd64&apos;, os.version: &apos;10.0&apos;, java.version: &apos;21.0.6&apos;&#10;Driver info: driver.version: FirefoxDriver" type="org.openqa.selenium.remote.NoSuchDriverException"><![CDATA[org.openqa.selenium.remote.NoSuchDriverException: 
geckodriver located at /usr/bin/geckodriver, but invalid
For documentation on this error, please visit: https://www.selenium.dev/documentation/webdriver/troubleshooting/errors/driver_location/
Build info: version: '4.11.0', revision: '040bc5406b'
System info: os.name: 'Windows 11', os.arch: 'amd64', os.version: '10.0', java.version: '21.0.6'
Driver info: driver.version: FirefoxDriver
	at org.openqa.selenium.remote.service.DriverFinder.getPath(DriverFinder.java:45)
	at org.openqa.selenium.remote.service.DriverFinder.getPath(DriverFinder.java:13)
	at org.openqa.selenium.firefox.FirefoxDriver.generateExecutor(FirefoxDriver.java:141)
	at org.openqa.selenium.firefox.FirefoxDriver.<init>(FirefoxDriver.java:132)
	at org.openqa.selenium.firefox.FirefoxDriver.<init>(FirefoxDriver.java:127)
	at org.openqa.selenium.firefox.FirefoxDriver.<init>(FirefoxDriver.java:112)
	at org.openqa.selenium.firefox.FirefoxDriver.<init>(FirefoxDriver.java:102)
	at org.agile.qa.setup.DriverSetup.getDriver(DriverSetup.java:13)
	at org.agile.qa.stepDefinitions.LoginTest.navigate_to_the_application_login_url(LoginTest.java:42)
	at ✽.navigate to the application login URL(file:///E:/flightBooking/FlightBooking-G1/src/test/java/org/agile/qa/features/login.feature:5)
]]></failure>
    <system-out><![CDATA[
@login
Scenario: Unauthenticated users should not access the booking page. &amp#27;[90m# src/test/java/org/agile/qa/features/login.feature:28&amp#27;[0m
  &amp#27;[31mGiven &amp#27;[0m&amp#27;[31mnavigate to the application login URL&amp#27;[0m                       &amp#27;[90m# org.agile.qa.stepDefinitions.LoginTest.navigate_to_the_application_login_url()&amp#27;[0m
      &amp#27;[31morg.openqa.selenium.remote.NoSuchDriverException: geckodriver located at /usr/bin/geckodriver, but invalid
For documentation on this error, please visit: https://www.selenium.dev/documentation/webdriver/troubleshooting/errors/driver_location/
Build info: version: '4.11.0', revision: '040bc5406b'
System info: os.name: 'Windows 11', os.arch: 'amd64', os.version: '10.0', java.version: '21.0.6'
Driver info: driver.version: FirefoxDriver
	at org.openqa.selenium.remote.service.DriverFinder.getPath(DriverFinder.java:45)
	at org.openqa.selenium.remote.service.DriverFinder.getPath(DriverFinder.java:13)
	at org.openqa.selenium.firefox.FirefoxDriver.generateExecutor(FirefoxDriver.java:141)
	at org.openqa.selenium.firefox.FirefoxDriver.<init>(FirefoxDriver.java:132)
	at org.openqa.selenium.firefox.FirefoxDriver.<init>(FirefoxDriver.java:127)
	at org.openqa.selenium.firefox.FirefoxDriver.<init>(FirefoxDriver.java:112)
	at org.openqa.selenium.firefox.FirefoxDriver.<init>(FirefoxDriver.java:102)
	at org.agile.qa.setup.DriverSetup.getDriver(DriverSetup.java:13)
	at org.agile.qa.stepDefinitions.LoginTest.navigate_to_the_application_login_url(LoginTest.java:42)
	at ✽.navigate to the application login URL(file:///E:/flightBooking/FlightBooking-G1/src/test/java/org/agile/qa/features/login.feature:5)
&amp#27;[0m
  &amp#27;[36mWhen &amp#27;[0m&amp#27;[36mdirectly access the booking page URL&amp#27;[0m                         &amp#27;[90m# org.agile.qa.stepDefinitions.LoginTest.directly_access_the_booking_page_url()&amp#27;[0m
  &amp#27;[36mThen &amp#27;[0m&amp#27;[36mthe user should be redirected to the login page&amp#27;[0m              &amp#27;[90m# org.agile.qa.stepDefinitions.LoginTest.the_user_should_be_redirected_to_the_login_page()&amp#27;[0m
  &amp#27;[36mAnd &amp#27;[0m&amp#27;[36mthe booking page should not be accessible&amp#27;[0m                     &amp#27;[90m# org.agile.qa.stepDefinitions.LoginTest.the_booking_page_should_not_be_accessible()&amp#27;[0m
]]></system-out>
  </testcase>
  <testcase name="runScenario[&quot;Login with invalid password&quot;, &quot;Login Funtionality check.&quot;](5)" classname="org.agile.qa.runners.RunnerTests" time="0.076">
    <failure message="geckodriver located at /usr/bin/geckodriver, but invalid&#10;For documentation on this error, please visit: https://www.selenium.dev/documentation/webdriver/troubleshooting/errors/driver_location/&#10;Build info: version: &apos;4.11.0&apos;, revision: &apos;040bc5406b&apos;&#10;System info: os.name: &apos;Windows 11&apos;, os.arch: &apos;amd64&apos;, os.version: &apos;10.0&apos;, java.version: &apos;21.0.6&apos;&#10;Driver info: driver.version: FirefoxDriver" type="org.openqa.selenium.remote.NoSuchDriverException"><![CDATA[org.openqa.selenium.remote.NoSuchDriverException: 
geckodriver located at /usr/bin/geckodriver, but invalid
For documentation on this error, please visit: https://www.selenium.dev/documentation/webdriver/troubleshooting/errors/driver_location/
Build info: version: '4.11.0', revision: '040bc5406b'
System info: os.name: 'Windows 11', os.arch: 'amd64', os.version: '10.0', java.version: '21.0.6'
Driver info: driver.version: FirefoxDriver
	at org.openqa.selenium.remote.service.DriverFinder.getPath(DriverFinder.java:45)
	at org.openqa.selenium.remote.service.DriverFinder.getPath(DriverFinder.java:13)
	at org.openqa.selenium.firefox.FirefoxDriver.generateExecutor(FirefoxDriver.java:141)
	at org.openqa.selenium.firefox.FirefoxDriver.<init>(FirefoxDriver.java:132)
	at org.openqa.selenium.firefox.FirefoxDriver.<init>(FirefoxDriver.java:127)
	at org.openqa.selenium.firefox.FirefoxDriver.<init>(FirefoxDriver.java:112)
	at org.openqa.selenium.firefox.FirefoxDriver.<init>(FirefoxDriver.java:102)
	at org.agile.qa.setup.DriverSetup.getDriver(DriverSetup.java:13)
	at org.agile.qa.stepDefinitions.LoginTest.navigate_to_the_application_login_url(LoginTest.java:42)
	at ✽.navigate to the application login URL(file:///E:/flightBooking/FlightBooking-G1/src/test/java/org/agile/qa/features/login.feature:5)
]]></failure>
    <system-out><![CDATA[
@login
Scenario: Login with invalid password                                        &amp#27;[90m# src/test/java/org/agile/qa/features/login.feature:33&amp#27;[0m
  &amp#27;[31mGiven &amp#27;[0m&amp#27;[31mnavigate to the application login URL&amp#27;[0m                                &amp#27;[90m# org.agile.qa.stepDefinitions.LoginTest.navigate_to_the_application_login_url()&amp#27;[0m
      &amp#27;[31morg.openqa.selenium.remote.NoSuchDriverException: geckodriver located at /usr/bin/geckodriver, but invalid
For documentation on this error, please visit: https://www.selenium.dev/documentation/webdriver/troubleshooting/errors/driver_location/
Build info: version: '4.11.0', revision: '040bc5406b'
System info: os.name: 'Windows 11', os.arch: 'amd64', os.version: '10.0', java.version: '21.0.6'
Driver info: driver.version: FirefoxDriver
	at org.openqa.selenium.remote.service.DriverFinder.getPath(DriverFinder.java:45)
	at org.openqa.selenium.remote.service.DriverFinder.getPath(DriverFinder.java:13)
	at org.openqa.selenium.firefox.FirefoxDriver.generateExecutor(FirefoxDriver.java:141)
	at org.openqa.selenium.firefox.FirefoxDriver.<init>(FirefoxDriver.java:132)
	at org.openqa.selenium.firefox.FirefoxDriver.<init>(FirefoxDriver.java:127)
	at org.openqa.selenium.firefox.FirefoxDriver.<init>(FirefoxDriver.java:112)
	at org.openqa.selenium.firefox.FirefoxDriver.<init>(FirefoxDriver.java:102)
	at org.agile.qa.setup.DriverSetup.getDriver(DriverSetup.java:13)
	at org.agile.qa.stepDefinitions.LoginTest.navigate_to_the_application_login_url(LoginTest.java:42)
	at ✽.navigate to the application login URL(file:///E:/flightBooking/FlightBooking-G1/src/test/java/org/agile/qa/features/login.feature:5)
&amp#27;[0m
  &amp#27;[36mThen &amp#27;[0m&amp#27;[36mI enter valid username "flightadmin" and invalid password "wrongpass"&amp#27;[0m
  &amp#27;[36mThen &amp#27;[0m&amp#27;[36mI click on the Login button&amp#27;[0m
  &amp#27;[36mAnd &amp#27;[0m&amp#27;[36mI should see an error message saying "Please enter valid password"&amp#27;[0m
]]></system-out>
  </testcase>
</testsuite>